<?xml version="1.0" encoding="UTF-8"?>
<!-- Generated by org.testng.reporters.JUnitReportReporter -->
<testsuite hostname="DESKTOP-MC1P9QS" name="com.smart.dao.hibernate.TestXmlHibernateDao" tests="1" failures="0" timestamp="14 Oct 2017 09:02:35 GMT" time="0.129" errors="0">
  <testcase name="testAddPost" time="0.129" classname="com.smart.dao.hibernate.TestXmlHibernateDao"/>
</testsuite> <!-- com.smart.dao.hibernate.TestXmlHibernateDao -->
