<?xml version="1.0" encoding="UTF-8"?>
<!-- Generated by org.testng.reporters.JUnitReportReporter -->
<testsuite hostname="DESKTOP-MC1P9QS" name="com.smart.aspectj.advanced.AdvancedTest" tests="1" failures="0" timestamp="11 Oct 2017 01:28:02 GMT" time="0.500" errors="0">
  <testcase name="advance" time="0.500" classname="com.smart.aspectj.advanced.AdvancedTest"/>
</testsuite> <!-- com.smart.aspectj.advanced.AdvancedTest -->
