<?xml version="1.0" encoding="UTF-8"?>
<!-- Generated by org.testng.reporters.JUnitReportReporter -->
<testsuite hostname="DESKTOP-MC1P9QS" name="com.qin.domain.Test2" tests="1" failures="0" timestamp="16 Oct 2017 07:11:03 GMT" time="0.829" errors="0">
  <testcase name="test3" time="0.829" classname="com.qin.domain.Test2"/>
</testsuite> <!-- com.qin.domain.Test2 -->
