<?xml version="1.0" encoding="UTF-8"?>
<!-- Generated by org.testng.reporters.JUnitReportReporter -->
<testsuite hostname="DESKTOP-MC1P9QS" name="com.smart.autoproxy.BeanNameAutoProxyCreatorTest" tests="1" failures="0" timestamp="10 Oct 2017 03:35:29 GMT" time="0.469" errors="0">
  <testcase name="autoProxy" time="0.469" classname="com.smart.autoproxy.BeanNameAutoProxyCreatorTest"/>
</testsuite> <!-- com.smart.autoproxy.BeanNameAutoProxyCreatorTest -->
