<?xml version="1.0" encoding="UTF-8"?>
<!-- Generated by org.testng.reporters.JUnitReportReporter -->
<testsuite hostname="DESKTOP-MC1P9QS" name="com.smart.proxy.ForumServiceTest" tests="1" failures="0" timestamp="9 Oct 2017 03:54:36 GMT" time="0.098" errors="0">
  <testcase name="proxy" time="0.098" classname="com.smart.proxy.ForumServiceTest"/>
</testsuite> <!-- com.smart.proxy.ForumServiceTest -->
