<?xml version="1.0" encoding="UTF-8"?>
<!-- Generated by org.testng.reporters.JUnitReportReporter -->
<testsuite hostname="DESKTOP-MC1P9QS" name="com.smart.advisor.DynamicAdvisorTest" tests="1" failures="0" timestamp="10 Oct 2017 03:00:02 GMT" time="0.453" errors="0">
  <testcase name="dynamic" time="0.453" classname="com.smart.advisor.DynamicAdvisorTest"/>
</testsuite> <!-- com.smart.advisor.DynamicAdvisorTest -->
