<?xml version="1.0" encoding="UTF-8"?>
<!-- Generated by org.testng.reporters.JUnitReportReporter -->
<testsuite hostname="DESKTOP-MC1P9QS" name="com.smart.advisor.StaticMethodAdvisorTest" tests="1" failures="0" timestamp="10 Oct 2017 01:41:59 GMT" time="0.556" errors="0">
  <testcase name="staticMethod" time="0.556" classname="com.smart.advisor.StaticMethodAdvisorTest"/>
</testsuite> <!-- com.smart.advisor.StaticMethodAdvisorTest -->
