<?xml version="1.0" encoding="UTF-8"?>
<!-- Generated by org.testng.reporters.JUnitReportReporter -->
<testsuite hostname="DESKTOP-MC1P9QS" name="com.smart.advice.AdviceTest" tests="1" failures="0" timestamp="9 Oct 2017 08:06:41 GMT" time="0.657" errors="0">
  <testcase name="advice" time="0.657" classname="com.smart.advice.AdviceTest"/>
</testsuite> <!-- com.smart.advice.AdviceTest -->
