<?xml version="1.0" encoding="UTF-8"?>
<!-- Generated by org.testng.reporters.JUnitReportReporter -->
<testsuite hostname="DESKTOP-MC1P9QS" name="com.qin.controller.UserControllerTest" tests="1" failures="0" timestamp="21 Oct 2017 02:01:19 GMT" time="0.526" errors="0">
  <testcase name="test12" time="0.526" classname="com.qin.controller.UserControllerTest"/>
</testsuite> <!-- com.qin.controller.UserControllerTest -->
